{"D:\\weeky\\frontend\\src\\components\\ConfigPanel.tsx": {"path":"D:\\weeky\\frontend\\src\\components\\ConfigPanel.tsx","statementMap":{"0":{"start":{"line":6,"column":26},"end":{"line":6,"column":null}},"1":{"start":{"line":7,"column":30},"end":{"line":14,"column":null}},"2":{"start":{"line":15,"column":30},"end":{"line":15,"column":null}},"3":{"start":{"line":16,"column":28},"end":{"line":16,"column":null}},"4":{"start":{"line":18,"column":2},"end":{"line":20,"column":null}},"5":{"start":{"line":19,"column":4},"end":{"line":19,"column":null}},"6":{"start":{"line":22,"column":21},"end":{"line":29,"column":null}},"7":{"start":{"line":23,"column":4},"end":{"line":28,"column":null}},"8":{"start":{"line":24,"column":19},"end":{"line":24,"column":null}},"9":{"start":{"line":25,"column":6},"end":{"line":25,"column":null}},"10":{"start":{"line":27,"column":6},"end":{"line":27,"column":null}},"11":{"start":{"line":31,"column":21},"end":{"line":57,"column":null}},"12":{"start":{"line":32,"column":4},"end":{"line":32,"column":null}},"13":{"start":{"line":33,"column":4},"end":{"line":33,"column":null}},"14":{"start":{"line":34,"column":4},"end":{"line":56,"column":null}},"15":{"start":{"line":35,"column":33},"end":{"line":35,"column":null}},"16":{"start":{"line":36,"column":6},"end":{"line":40,"column":null}},"17":{"start":{"line":37,"column":8},"end":{"line":39,"column":null}},"18":{"start":{"line":38,"column":10},"end":{"line":38,"column":null}},"19":{"start":{"line":41,"column":6},"end":{"line":41,"column":null}},"20":{"start":{"line":42,"column":6},"end":{"line":42,"column":null}},"21":{"start":{"line":43,"column":6},"end":{"line":50,"column":null}},"22":{"start":{"line":51,"column":6},"end":{"line":51,"column":null}},"23":{"start":{"line":53,"column":6},"end":{"line":53,"column":null}},"24":{"start":{"line":55,"column":6},"end":{"line":55,"column":null}},"25":{"start":{"line":59,"column":23},"end":{"line":59,"column":null}},"26":{"start":{"line":59,"column":40},"end":{"line":59,"column":null}},"27":{"start":{"line":61,"column":2},"end":{"line":221,"column":null}},"28":{"start":{"line":82,"column":31},"end":{"line":82,"column":null}},"29":{"start":{"line":101,"column":33},"end":{"line":101,"column":null}},"30":{"start":{"line":116,"column":33},"end":{"line":116,"column":null}},"31":{"start":{"line":144,"column":31},"end":{"line":144,"column":null}},"32":{"start":{"line":160,"column":33},"end":{"line":160,"column":null}},"33":{"start":{"line":175,"column":33},"end":{"line":175,"column":null}}},"fnMap":{"0":{"name":"ConfigPanel","decl":{"start":{"line":5,"column":24},"end":{"line":5,"column":38}},"loc":{"start":{"line":5,"column":38},"end":{"line":223,"column":null}},"line":5},"1":{"name":"(anonymous_1)","decl":{"start":{"line":18,"column":12},"end":{"line":18,"column":18}},"loc":{"start":{"line":18,"column":18},"end":{"line":20,"column":5}},"line":18},"2":{"name":"(anonymous_2)","decl":{"start":{"line":22,"column":21},"end":{"line":22,"column":33}},"loc":{"start":{"line":22,"column":33},"end":{"line":29,"column":null}},"line":22},"3":{"name":"(anonymous_3)","decl":{"start":{"line":31,"column":21},"end":{"line":31,"column":33}},"loc":{"start":{"line":31,"column":33},"end":{"line":57,"column":null}},"line":31},"4":{"name":"(anonymous_4)","decl":{"start":{"line":36,"column":39},"end":{"line":36,"column":40}},"loc":{"start":{"line":36,"column":57},"end":{"line":40,"column":7}},"line":36},"5":{"name":"(anonymous_5)","decl":{"start":{"line":59,"column":23},"end":{"line":59,"column":24}},"loc":{"start":{"line":59,"column":40},"end":{"line":59,"column":null}},"line":59},"6":{"name":"(anonymous_6)","decl":{"start":{"line":82,"column":24},"end":{"line":82,"column":25}},"loc":{"start":{"line":82,"column":31},"end":{"line":82,"column":null}},"line":82},"7":{"name":"(anonymous_7)","decl":{"start":{"line":101,"column":26},"end":{"line":101,"column":27}},"loc":{"start":{"line":101,"column":33},"end":{"line":101,"column":null}},"line":101},"8":{"name":"(anonymous_8)","decl":{"start":{"line":116,"column":26},"end":{"line":116,"column":27}},"loc":{"start":{"line":116,"column":33},"end":{"line":116,"column":null}},"line":116},"9":{"name":"(anonymous_9)","decl":{"start":{"line":144,"column":24},"end":{"line":144,"column":25}},"loc":{"start":{"line":144,"column":31},"end":{"line":144,"column":null}},"line":144},"10":{"name":"(anonymous_10)","decl":{"start":{"line":160,"column":26},"end":{"line":160,"column":27}},"loc":{"start":{"line":160,"column":33},"end":{"line":160,"column":null}},"line":160},"11":{"name":"(anonymous_11)","decl":{"start":{"line":175,"column":26},"end":{"line":175,"column":27}},"loc":{"start":{"line":175,"column":33},"end":{"line":175,"column":null}},"line":175}},"branchMap":{"0":{"loc":{"start":{"line":37,"column":8},"end":{"line":39,"column":null}},"type":"if","locations":[{"start":{"line":37,"column":8},"end":{"line":39,"column":null}},{"start":{},"end":{}}],"line":37},"1":{"loc":{"start":{"line":75,"column":15},"end":{"line":76,"column":null}},"type":"binary-expr","locations":[{"start":{"line":75,"column":15},"end":{"line":75,"column":null}},{"start":{"line":76,"column":16},"end":{"line":76,"column":null}}],"line":75},"2":{"loc":{"start":{"line":83,"column":27},"end":{"line":83,"column":null}},"type":"cond-expr","locations":[{"start":{"line":83,"column":58},"end":{"line":83,"column":78}},{"start":{"line":83,"column":78},"end":{"line":83,"column":null}}],"line":83},"3":{"loc":{"start":{"line":94,"column":17},"end":{"line":95,"column":null}},"type":"binary-expr","locations":[{"start":{"line":94,"column":17},"end":{"line":94,"column":null}},{"start":{"line":95,"column":18},"end":{"line":95,"column":null}}],"line":94},"4":{"loc":{"start":{"line":109,"column":17},"end":{"line":110,"column":null}},"type":"binary-expr","locations":[{"start":{"line":109,"column":17},"end":{"line":109,"column":null}},{"start":{"line":110,"column":18},"end":{"line":110,"column":null}}],"line":109},"5":{"loc":{"start":{"line":137,"column":15},"end":{"line":138,"column":null}},"type":"binary-expr","locations":[{"start":{"line":137,"column":15},"end":{"line":137,"column":null}},{"start":{"line":138,"column":16},"end":{"line":138,"column":null}}],"line":137},"6":{"loc":{"start":{"line":153,"column":17},"end":{"line":154,"column":null}},"type":"binary-expr","locations":[{"start":{"line":153,"column":17},"end":{"line":153,"column":null}},{"start":{"line":154,"column":18},"end":{"line":154,"column":null}}],"line":153},"7":{"loc":{"start":{"line":168,"column":17},"end":{"line":169,"column":null}},"type":"binary-expr","locations":[{"start":{"line":168,"column":17},"end":{"line":168,"column":null}},{"start":{"line":169,"column":18},"end":{"line":169,"column":null}}],"line":168},"8":{"loc":{"start":{"line":213,"column":11},"end":{"line":213,"column":null}},"type":"cond-expr","locations":[{"start":{"line":213,"column":22},"end":{"line":213,"column":34}},{"start":{"line":213,"column":34},"end":{"line":213,"column":null}}],"line":213},"9":{"loc":{"start":{"line":215,"column":9},"end":{"line":218,"column":null}},"type":"binary-expr","locations":[{"start":{"line":215,"column":9},"end":{"line":215,"column":null}},{"start":{"line":216,"column":10},"end":{"line":218,"column":null}}],"line":215},"10":{"loc":{"start":{"line":216,"column":27},"end":{"line":216,"column":null}},"type":"cond-expr","locations":[{"start":{"line":216,"column":52},"end":{"line":216,"column":69}},{"start":{"line":216,"column":69},"end":{"line":216,"column":null}}],"line":216}},"s":{"0":31,"1":31,"2":31,"3":31,"4":31,"5":8,"6":31,"7":11,"8":11,"9":11,"10":0,"11":31,"12":4,"13":4,"14":4,"15":4,"16":4,"17":24,"18":4,"19":4,"20":3,"21":3,"22":3,"23":1,"24":4,"25":31,"26":217,"27":31,"28":1,"29":3,"30":0,"31":0,"32":0,"33":0},"f":{"0":31,"1":8,"2":11,"3":4,"4":24,"5":217,"6":1,"7":3,"8":0,"9":0,"10":0,"11":0},"b":{"0":[4,20],"1":[31,1],"2":[1,30],"3":[31,0],"4":[31,0],"5":[31,0],"6":[31,0],"7":[31,0],"8":[4,27],"9":[31,7],"10":[1,6]},"meta":{"lastBranch":11,"lastFunction":12,"lastStatement":34,"seen":{"f:5:24:5:38":0,"s:6:26:6:Infinity":0,"s:7:30:14:Infinity":1,"s:15:30:15:Infinity":2,"s:16:28:16:Infinity":3,"s:18:2:20:Infinity":4,"f:18:12:18:18":1,"s:19:4:19:Infinity":5,"s:22:21:29:Infinity":6,"f:22:21:22:33":2,"s:23:4:28:Infinity":7,"s:24:19:24:Infinity":8,"s:25:6:25:Infinity":9,"s:27:6:27:Infinity":10,"s:31:21:57:Infinity":11,"f:31:21:31:33":3,"s:32:4:32:Infinity":12,"s:33:4:33:Infinity":13,"s:34:4:56:Infinity":14,"s:35:33:35:Infinity":15,"s:36:6:40:Infinity":16,"f:36:39:36:40":4,"b:37:8:39:Infinity:undefined:undefined:undefined:undefined":0,"s:37:8:39:Infinity":17,"s:38:10:38:Infinity":18,"s:41:6:41:Infinity":19,"s:42:6:42:Infinity":20,"s:43:6:50:Infinity":21,"s:51:6:51:Infinity":22,"s:53:6:53:Infinity":23,"s:55:6:55:Infinity":24,"s:59:23:59:Infinity":25,"f:59:23:59:24":5,"s:59:40:59:Infinity":26,"s:61:2:221:Infinity":27,"b:75:15:75:Infinity:76:16:76:Infinity":1,"f:82:24:82:25":6,"s:82:31:82:Infinity":28,"b:83:58:83:78:83:78:83:Infinity":2,"b:94:17:94:Infinity:95:18:95:Infinity":3,"f:101:26:101:27":7,"s:101:33:101:Infinity":29,"b:109:17:109:Infinity:110:18:110:Infinity":4,"f:116:26:116:27":8,"s:116:33:116:Infinity":30,"b:137:15:137:Infinity:138:16:138:Infinity":5,"f:144:24:144:25":9,"s:144:31:144:Infinity":31,"b:153:17:153:Infinity:154:18:154:Infinity":6,"f:160:26:160:27":10,"s:160:33:160:Infinity":32,"b:168:17:168:Infinity:169:18:169:Infinity":7,"f:175:26:175:27":11,"s:175:33:175:Infinity":33,"b:213:22:213:34:213:34:213:Infinity":8,"b:215:9:215:Infinity:216:10:218:Infinity":9,"b:216:52:216:69:216:69:216:Infinity":10}}}
,"D:\\weeky\\frontend\\src\\components\\PptPreview.tsx": {"path":"D:\\weeky\\frontend\\src\\components\\PptPreview.tsx","statementMap":{"0":{"start":{"line":9,"column":8},"end":{"line":133,"column":null}},"1":{"start":{"line":10,"column":69},"end":{"line":10,"column":null}},"2":{"start":{"line":13,"column":4},"end":{"line":25,"column":null}},"3":{"start":{"line":28,"column":4},"end":{"line":74,"column":null}},"4":{"start":{"line":29,"column":6},"end":{"line":73,"column":null}},"5":{"start":{"line":47,"column":20},"end":{"line":61,"column":null}},"6":{"start":{"line":77,"column":4},"end":{"line":111,"column":null}},"7":{"start":{"line":78,"column":6},"end":{"line":110,"column":null}},"8":{"start":{"line":95,"column":20},"end":{"line":98,"column":null}},"9":{"start":{"line":114,"column":4},"end":{"line":130,"column":null}},"10":{"start":{"line":115,"column":6},"end":{"line":129,"column":null}},"11":{"start":{"line":132,"column":4},"end":{"line":132,"column":null}},"12":{"start":{"line":135,"column":2},"end":{"line":141,"column":null}},"13":{"start":{"line":136,"column":4},"end":{"line":139,"column":null}},"14":{"start":{"line":143,"column":2},"end":{"line":159,"column":null}},"15":{"start":{"line":148,"column":10},"end":{"line":156,"column":null}}},"fnMap":{"0":{"name":"PptPreview","decl":{"start":{"line":8,"column":24},"end":{"line":8,"column":35}},"loc":{"start":{"line":8,"column":64},"end":{"line":161,"column":null}},"line":8},"1":{"name":"(anonymous_1)","decl":{"start":{"line":9,"column":25},"end":{"line":9,"column":31}},"loc":{"start":{"line":9,"column":31},"end":{"line":133,"column":5}},"line":9},"2":{"name":"(anonymous_2)","decl":{"start":{"line":46,"column":52},"end":{"line":46,"column":53}},"loc":{"start":{"line":47,"column":20},"end":{"line":61,"column":null}},"line":47},"3":{"name":"(anonymous_3)","decl":{"start":{"line":94,"column":52},"end":{"line":94,"column":53}},"loc":{"start":{"line":95,"column":20},"end":{"line":98,"column":null}},"line":95},"4":{"name":"(anonymous_4)","decl":{"start":{"line":147,"column":20},"end":{"line":147,"column":21}},"loc":{"start":{"line":148,"column":10},"end":{"line":156,"column":null}},"line":148}},"branchMap":{"0":{"loc":{"start":{"line":19,"column":50},"end":{"line":19,"column":75}},"type":"binary-expr","locations":[{"start":{"line":19,"column":50},"end":{"line":19,"column":70}},{"start":{"line":19,"column":70},"end":{"line":19,"column":75}}],"line":19},"1":{"loc":{"start":{"line":20,"column":50},"end":{"line":20,"column":77}},"type":"binary-expr","locations":[{"start":{"line":20,"column":50},"end":{"line":20,"column":72}},{"start":{"line":20,"column":72},"end":{"line":20,"column":77}}],"line":20},"2":{"loc":{"start":{"line":21,"column":55},"end":{"line":21,"column":90}},"type":"binary-expr","locations":[{"start":{"line":21,"column":55},"end":{"line":21,"column":77}},{"start":{"line":21,"column":77},"end":{"line":21,"column":90}}],"line":21},"3":{"loc":{"start":{"line":28,"column":4},"end":{"line":74,"column":null}},"type":"if","locations":[{"start":{"line":28,"column":4},"end":{"line":74,"column":null}},{"start":{},"end":{}}],"line":28},"4":{"loc":{"start":{"line":47,"column":45},"end":{"line":47,"column":null}},"type":"cond-expr","locations":[{"start":{"line":47,"column":61},"end":{"line":47,"column":76}},{"start":{"line":47,"column":76},"end":{"line":47,"column":null}}],"line":47},"5":{"loc":{"start":{"line":65,"column":15},"end":{"line":68,"column":null}},"type":"binary-expr","locations":[{"start":{"line":65,"column":15},"end":{"line":65,"column":null}},{"start":{"line":66,"column":16},"end":{"line":68,"column":null}}],"line":65},"6":{"loc":{"start":{"line":77,"column":4},"end":{"line":111,"column":null}},"type":"if","locations":[{"start":{"line":77,"column":4},"end":{"line":111,"column":null}},{"start":{},"end":{}}],"line":77},"7":{"loc":{"start":{"line":95,"column":45},"end":{"line":95,"column":null}},"type":"cond-expr","locations":[{"start":{"line":95,"column":61},"end":{"line":95,"column":76}},{"start":{"line":95,"column":76},"end":{"line":95,"column":null}}],"line":95},"8":{"loc":{"start":{"line":102,"column":15},"end":{"line":105,"column":null}},"type":"binary-expr","locations":[{"start":{"line":102,"column":15},"end":{"line":102,"column":null}},{"start":{"line":103,"column":16},"end":{"line":105,"column":null}}],"line":102},"9":{"loc":{"start":{"line":114,"column":4},"end":{"line":130,"column":null}},"type":"if","locations":[{"start":{"line":114,"column":4},"end":{"line":130,"column":null}},{"start":{},"end":{}}],"line":114},"10":{"loc":{"start":{"line":135,"column":2},"end":{"line":141,"column":null}},"type":"if","locations":[{"start":{"line":135,"column":2},"end":{"line":141,"column":null}},{"start":{},"end":{}}],"line":135}},"s":{"0":9,"1":9,"2":9,"3":9,"4":7,"5":18,"6":9,"7":8,"8":8,"9":9,"10":7,"11":9,"12":9,"13":0,"14":9,"15":31},"f":{"0":9,"1":9,"2":18,"3":8,"4":31},"b":{"0":[9,1],"1":[9,1],"2":[9,1],"3":[7,2],"4":[9,9],"5":[7,1],"6":[8,1],"7":[8,0],"8":[8,0],"9":[7,2],"10":[0,9]},"meta":{"lastBranch":11,"lastFunction":5,"lastStatement":16,"seen":{"f:8:24:8:35":0,"s:9:8:133:Infinity":0,"f:9:25:9:31":1,"s:10:69:10:Infinity":1,"s:13:4:25:Infinity":2,"b:19:50:19:70:19:70:19:75":0,"b:20:50:20:72:20:72:20:77":1,"b:21:55:21:77:21:77:21:90":2,"b:28:4:74:Infinity:undefined:undefined:undefined:undefined":3,"s:28:4:74:Infinity":3,"s:29:6:73:Infinity":4,"f:46:52:46:53":2,"s:47:20:61:Infinity":5,"b:47:61:47:76:47:76:47:Infinity":4,"b:65:15:65:Infinity:66:16:68:Infinity":5,"b:77:4:111:Infinity:undefined:undefined:undefined:undefined":6,"s:77:4:111:Infinity":6,"s:78:6:110:Infinity":7,"f:94:52:94:53":3,"s:95:20:98:Infinity":8,"b:95:61:95:76:95:76:95:Infinity":7,"b:102:15:102:Infinity:103:16:105:Infinity":8,"b:114:4:130:Infinity:undefined:undefined:undefined:undefined":9,"s:114:4:130:Infinity":9,"s:115:6:129:Infinity":10,"s:132:4:132:Infinity":11,"b:135:2:141:Infinity:undefined:undefined:undefined:undefined":10,"s:135:2:141:Infinity":12,"s:136:4:139:Infinity":13,"s:143:2:159:Infinity":14,"f:147:20:147:21":4,"s:148:10:156:Infinity":15}}}
,"D:\\weeky\\frontend\\src\\components\\TaskList.tsx": {"path":"D:\\weeky\\frontend\\src\\components\\TaskList.tsx","statementMap":{"0":{"start":{"line":11,"column":18},"end":{"line":13,"column":null}},"1":{"start":{"line":12,"column":4},"end":{"line":12,"column":null}},"2":{"start":{"line":15,"column":21},"end":{"line":20,"column":null}},"3":{"start":{"line":16,"column":20},"end":{"line":18,"column":null}},"4":{"start":{"line":17,"column":6},"end":{"line":17,"column":null}},"5":{"start":{"line":19,"column":4},"end":{"line":19,"column":null}},"6":{"start":{"line":22,"column":21},"end":{"line":24,"column":null}},"7":{"start":{"line":23,"column":4},"end":{"line":23,"column":null}},"8":{"start":{"line":23,"column":36},"end":{"line":23,"column":47}},"9":{"start":{"line":26,"column":2},"end":{"line":87,"column":null}},"10":{"start":{"line":44,"column":12},"end":{"line":83,"column":null}},"11":{"start":{"line":50,"column":35},"end":{"line":50,"column":null}},"12":{"start":{"line":57,"column":37},"end":{"line":57,"column":null}},"13":{"start":{"line":68,"column":41},"end":{"line":68,"column":null}},"14":{"start":{"line":78,"column":31},"end":{"line":78,"column":null}}},"fnMap":{"0":{"name":"TaskList","decl":{"start":{"line":10,"column":24},"end":{"line":10,"column":33}},"loc":{"start":{"line":10,"column":97},"end":{"line":89,"column":null}},"line":10},"1":{"name":"(anonymous_1)","decl":{"start":{"line":11,"column":18},"end":{"line":11,"column":24}},"loc":{"start":{"line":11,"column":24},"end":{"line":13,"column":null}},"line":11},"2":{"name":"(anonymous_2)","decl":{"start":{"line":15,"column":21},"end":{"line":15,"column":22}},"loc":{"start":{"line":15,"column":83},"end":{"line":20,"column":null}},"line":15},"3":{"name":"(anonymous_3)","decl":{"start":{"line":16,"column":30},"end":{"line":16,"column":31}},"loc":{"start":{"line":17,"column":6},"end":{"line":17,"column":null}},"line":17},"4":{"name":"(anonymous_4)","decl":{"start":{"line":22,"column":21},"end":{"line":22,"column":22}},"loc":{"start":{"line":22,"column":40},"end":{"line":24,"column":null}},"line":22},"5":{"name":"(anonymous_5)","decl":{"start":{"line":23,"column":26},"end":{"line":23,"column":27}},"loc":{"start":{"line":23,"column":36},"end":{"line":23,"column":47}},"line":23},"6":{"name":"(anonymous_6)","decl":{"start":{"line":43,"column":21},"end":{"line":43,"column":22}},"loc":{"start":{"line":44,"column":12},"end":{"line":83,"column":null}},"line":44},"7":{"name":"(anonymous_7)","decl":{"start":{"line":50,"column":28},"end":{"line":50,"column":29}},"loc":{"start":{"line":50,"column":35},"end":{"line":50,"column":null}},"line":50},"8":{"name":"(anonymous_8)","decl":{"start":{"line":57,"column":30},"end":{"line":57,"column":31}},"loc":{"start":{"line":57,"column":37},"end":{"line":57,"column":null}},"line":57},"9":{"name":"(anonymous_9)","decl":{"start":{"line":68,"column":34},"end":{"line":68,"column":35}},"loc":{"start":{"line":68,"column":41},"end":{"line":68,"column":null}},"line":68},"10":{"name":"(anonymous_10)","decl":{"start":{"line":78,"column":25},"end":{"line":78,"column":31}},"loc":{"start":{"line":78,"column":31},"end":{"line":78,"column":null}},"line":78}},"branchMap":{"0":{"loc":{"start":{"line":10,"column":59},"end":{"line":10,"column":79}},"type":"default-arg","locations":[{"start":{"line":10,"column":74},"end":{"line":10,"column":79}}],"line":10},"1":{"loc":{"start":{"line":17,"column":6},"end":{"line":17,"column":null}},"type":"cond-expr","locations":[{"start":{"line":17,"column":20},"end":{"line":17,"column":50}},{"start":{"line":17,"column":50},"end":{"line":17,"column":null}}],"line":17},"2":{"loc":{"start":{"line":39,"column":7},"end":{"line":85,"column":null}},"type":"cond-expr","locations":[{"start":{"line":40,"column":8},"end":{"line":40,"column":null}},{"start":{"line":42,"column":8},"end":{"line":85,"column":null}}],"line":39},"3":{"loc":{"start":{"line":60,"column":19},"end":{"line":72,"column":null}},"type":"binary-expr","locations":[{"start":{"line":60,"column":19},"end":{"line":60,"column":null}},{"start":{"line":61,"column":20},"end":{"line":72,"column":null}}],"line":60}},"s":{"0":8,"1":1,"2":8,"3":1,"4":2,"5":1,"6":8,"7":1,"8":2,"9":8,"10":10,"11":1,"12":0,"13":0,"14":1},"f":{"0":8,"1":1,"2":1,"3":2,"4":1,"5":2,"6":10,"7":1,"8":0,"9":0,"10":1},"b":{"0":[8],"1":[1,1],"2":[3,5],"3":[10,8]},"meta":{"lastBranch":4,"lastFunction":11,"lastStatement":15,"seen":{"f:10:24:10:33":0,"b:10:74:10:79":0,"s:11:18:13:Infinity":0,"f:11:18:11:24":1,"s:12:4:12:Infinity":1,"s:15:21:20:Infinity":2,"f:15:21:15:22":2,"s:16:20:18:Infinity":3,"f:16:30:16:31":3,"s:17:6:17:Infinity":4,"b:17:20:17:50:17:50:17:Infinity":1,"s:19:4:19:Infinity":5,"s:22:21:24:Infinity":6,"f:22:21:22:22":4,"s:23:4:23:Infinity":7,"f:23:26:23:27":5,"s:23:36:23:47":8,"s:26:2:87:Infinity":9,"b:40:8:40:Infinity:42:8:85:Infinity":2,"f:43:21:43:22":6,"s:44:12:83:Infinity":10,"f:50:28:50:29":7,"s:50:35:50:Infinity":11,"f:57:30:57:31":8,"s:57:37:57:Infinity":12,"b:60:19:60:Infinity:61:20:72:Infinity":3,"f:68:34:68:35":9,"s:68:41:68:Infinity":13,"f:78:25:78:31":10,"s:78:31:78:Infinity":14}}}
,"D:\\weeky\\frontend\\src\\services\\api.ts": {"path":"D:\\weeky\\frontend\\src\\services\\api.ts","statementMap":{"0":{"start":{"line":3,"column":17},"end":{"line":3,"column":null}},"1":{"start":{"line":6,"column":14},"end":{"line":6,"column":null}},"2":{"start":{"line":7,"column":2},"end":{"line":7,"column":null}},"3":{"start":{"line":7,"column":15},"end":{"line":7,"column":null}},"4":{"start":{"line":8,"column":2},"end":{"line":8,"column":null}},"5":{"start":{"line":12,"column":14},"end":{"line":16,"column":null}},"6":{"start":{"line":17,"column":2},"end":{"line":17,"column":null}},"7":{"start":{"line":17,"column":15},"end":{"line":17,"column":null}},"8":{"start":{"line":18,"column":2},"end":{"line":18,"column":null}},"9":{"start":{"line":22,"column":14},"end":{"line":22,"column":null}},"10":{"start":{"line":23,"column":2},"end":{"line":23,"column":null}},"11":{"start":{"line":23,"column":15},"end":{"line":23,"column":null}},"12":{"start":{"line":27,"column":14},"end":{"line":27,"column":null}},"13":{"start":{"line":28,"column":2},"end":{"line":28,"column":null}},"14":{"start":{"line":28,"column":15},"end":{"line":28,"column":null}},"15":{"start":{"line":29,"column":2},"end":{"line":29,"column":null}},"16":{"start":{"line":33,"column":14},"end":{"line":37,"column":null}},"17":{"start":{"line":38,"column":2},"end":{"line":38,"column":null}},"18":{"start":{"line":38,"column":15},"end":{"line":38,"column":null}},"19":{"start":{"line":39,"column":2},"end":{"line":39,"column":null}},"20":{"start":{"line":44,"column":14},"end":{"line":44,"column":null}},"21":{"start":{"line":45,"column":2},"end":{"line":45,"column":null}},"22":{"start":{"line":45,"column":15},"end":{"line":45,"column":null}},"23":{"start":{"line":46,"column":2},"end":{"line":46,"column":null}},"24":{"start":{"line":50,"column":14},"end":{"line":54,"column":null}},"25":{"start":{"line":55,"column":2},"end":{"line":55,"column":null}},"26":{"start":{"line":55,"column":15},"end":{"line":55,"column":null}},"27":{"start":{"line":60,"column":14},"end":{"line":64,"column":null}},"28":{"start":{"line":65,"column":2},"end":{"line":68,"column":null}},"29":{"start":{"line":66,"column":18},"end":{"line":66,"column":null}},"30":{"start":{"line":67,"column":4},"end":{"line":67,"column":null}},"31":{"start":{"line":69,"column":2},"end":{"line":69,"column":null}},"32":{"start":{"line":73,"column":14},"end":{"line":77,"column":null}},"33":{"start":{"line":78,"column":2},"end":{"line":81,"column":null}},"34":{"start":{"line":79,"column":18},"end":{"line":79,"column":null}},"35":{"start":{"line":80,"column":4},"end":{"line":80,"column":null}},"36":{"start":{"line":82,"column":2},"end":{"line":82,"column":null}},"37":{"start":{"line":86,"column":14},"end":{"line":90,"column":null}},"38":{"start":{"line":91,"column":2},"end":{"line":94,"column":null}},"39":{"start":{"line":92,"column":18},"end":{"line":92,"column":null}},"40":{"start":{"line":93,"column":4},"end":{"line":93,"column":null}},"41":{"start":{"line":95,"column":2},"end":{"line":95,"column":null}}},"fnMap":{"0":{"name":"getTemplates","decl":{"start":{"line":5,"column":22},"end":{"line":5,"column":58}},"loc":{"start":{"line":5,"column":58},"end":{"line":9,"column":null}},"line":5},"1":{"name":"createTemplate","decl":{"start":{"line":11,"column":22},"end":{"line":11,"column":37}},"loc":{"start":{"line":11,"column":92},"end":{"line":19,"column":null}},"line":11},"2":{"name":"deleteTemplate","decl":{"start":{"line":21,"column":22},"end":{"line":21,"column":37}},"loc":{"start":{"line":21,"column":64},"end":{"line":24,"column":null}},"line":21},"3":{"name":"getReport","decl":{"start":{"line":26,"column":22},"end":{"line":26,"column":32}},"loc":{"start":{"line":26,"column":61},"end":{"line":30,"column":null}},"line":26},"4":{"name":"saveReport","decl":{"start":{"line":32,"column":22},"end":{"line":32,"column":33}},"loc":{"start":{"line":32,"column":78},"end":{"line":40,"column":null}},"line":32},"5":{"name":"getConfig","decl":{"start":{"line":43,"column":22},"end":{"line":43,"column":54}},"loc":{"start":{"line":43,"column":54},"end":{"line":47,"column":null}},"line":43},"6":{"name":"updateConfig","decl":{"start":{"line":49,"column":22},"end":{"line":49,"column":35}},"loc":{"start":{"line":49,"column":70},"end":{"line":56,"column":null}},"line":49},"7":{"name":"syncGitHub","decl":{"start":{"line":59,"column":22},"end":{"line":59,"column":33}},"loc":{"start":{"line":59,"column":82},"end":{"line":70,"column":null}},"line":59},"8":{"name":"syncJira","decl":{"start":{"line":72,"column":22},"end":{"line":72,"column":31}},"loc":{"start":{"line":72,"column":78},"end":{"line":83,"column":null}},"line":72},"9":{"name":"syncHiworks","decl":{"start":{"line":85,"column":22},"end":{"line":85,"column":34}},"loc":{"start":{"line":85,"column":84},"end":{"line":96,"column":null}},"line":85}},"branchMap":{"0":{"loc":{"start":{"line":7,"column":2},"end":{"line":7,"column":null}},"type":"if","locations":[{"start":{"line":7,"column":2},"end":{"line":7,"column":null}},{"start":{},"end":{}}],"line":7},"1":{"loc":{"start":{"line":11,"column":51},"end":{"line":11,"column":92}},"type":"default-arg","locations":[{"start":{"line":11,"column":67},"end":{"line":11,"column":92}}],"line":11},"2":{"loc":{"start":{"line":17,"column":2},"end":{"line":17,"column":null}},"type":"if","locations":[{"start":{"line":17,"column":2},"end":{"line":17,"column":null}},{"start":{},"end":{}}],"line":17},"3":{"loc":{"start":{"line":23,"column":2},"end":{"line":23,"column":null}},"type":"if","locations":[{"start":{"line":23,"column":2},"end":{"line":23,"column":null}},{"start":{},"end":{}}],"line":23},"4":{"loc":{"start":{"line":28,"column":2},"end":{"line":28,"column":null}},"type":"if","locations":[{"start":{"line":28,"column":2},"end":{"line":28,"column":null}},{"start":{},"end":{}}],"line":28},"5":{"loc":{"start":{"line":38,"column":2},"end":{"line":38,"column":null}},"type":"if","locations":[{"start":{"line":38,"column":2},"end":{"line":38,"column":null}},{"start":{},"end":{}}],"line":38},"6":{"loc":{"start":{"line":45,"column":2},"end":{"line":45,"column":null}},"type":"if","locations":[{"start":{"line":45,"column":2},"end":{"line":45,"column":null}},{"start":{},"end":{}}],"line":45},"7":{"loc":{"start":{"line":55,"column":2},"end":{"line":55,"column":null}},"type":"if","locations":[{"start":{"line":55,"column":2},"end":{"line":55,"column":null}},{"start":{},"end":{}}],"line":55},"8":{"loc":{"start":{"line":65,"column":2},"end":{"line":68,"column":null}},"type":"if","locations":[{"start":{"line":65,"column":2},"end":{"line":68,"column":null}},{"start":{},"end":{}}],"line":65},"9":{"loc":{"start":{"line":67,"column":20},"end":{"line":67,"column":58}},"type":"binary-expr","locations":[{"start":{"line":67,"column":20},"end":{"line":67,"column":35}},{"start":{"line":67,"column":35},"end":{"line":67,"column":58}}],"line":67},"10":{"loc":{"start":{"line":78,"column":2},"end":{"line":81,"column":null}},"type":"if","locations":[{"start":{"line":78,"column":2},"end":{"line":81,"column":null}},{"start":{},"end":{}}],"line":78},"11":{"loc":{"start":{"line":80,"column":20},"end":{"line":80,"column":56}},"type":"binary-expr","locations":[{"start":{"line":80,"column":20},"end":{"line":80,"column":35}},{"start":{"line":80,"column":35},"end":{"line":80,"column":56}}],"line":80},"12":{"loc":{"start":{"line":91,"column":2},"end":{"line":94,"column":null}},"type":"if","locations":[{"start":{"line":91,"column":2},"end":{"line":94,"column":null}},{"start":{},"end":{}}],"line":91},"13":{"loc":{"start":{"line":93,"column":20},"end":{"line":93,"column":59}},"type":"binary-expr","locations":[{"start":{"line":93,"column":20},"end":{"line":93,"column":35}},{"start":{"line":93,"column":35},"end":{"line":93,"column":59}}],"line":93}},"s":{"0":1,"1":2,"2":2,"3":1,"4":1,"5":1,"6":1,"7":0,"8":1,"9":1,"10":1,"11":0,"12":0,"13":0,"14":0,"15":0,"16":0,"17":0,"18":0,"19":0,"20":1,"21":1,"22":0,"23":1,"24":1,"25":1,"26":0,"27":2,"28":2,"29":1,"30":1,"31":1,"32":1,"33":1,"34":0,"35":0,"36":1,"37":0,"38":0,"39":0,"40":0,"41":0},"f":{"0":2,"1":1,"2":1,"3":0,"4":0,"5":1,"6":1,"7":2,"8":1,"9":0},"b":{"0":[1,1],"1":[1],"2":[0,1],"3":[0,1],"4":[0,0],"5":[0,0],"6":[0,1],"7":[0,1],"8":[1,1],"9":[1,0],"10":[0,1],"11":[0,0],"12":[0,0],"13":[0,0]},"meta":{"lastBranch":14,"lastFunction":10,"lastStatement":42,"seen":{"s:3:17:3:Infinity":0,"f:5:22:5:58":0,"s:6:14:6:Infinity":1,"b:7:2:7:Infinity:undefined:undefined:undefined:undefined":0,"s:7:2:7:Infinity":2,"s:7:15:7:Infinity":3,"s:8:2:8:Infinity":4,"f:11:22:11:37":1,"b:11:67:11:92":1,"s:12:14:16:Infinity":5,"b:17:2:17:Infinity:undefined:undefined:undefined:undefined":2,"s:17:2:17:Infinity":6,"s:17:15:17:Infinity":7,"s:18:2:18:Infinity":8,"f:21:22:21:37":2,"s:22:14:22:Infinity":9,"b:23:2:23:Infinity:undefined:undefined:undefined:undefined":3,"s:23:2:23:Infinity":10,"s:23:15:23:Infinity":11,"f:26:22:26:32":3,"s:27:14:27:Infinity":12,"b:28:2:28:Infinity:undefined:undefined:undefined:undefined":4,"s:28:2:28:Infinity":13,"s:28:15:28:Infinity":14,"s:29:2:29:Infinity":15,"f:32:22:32:33":4,"s:33:14:37:Infinity":16,"b:38:2:38:Infinity:undefined:undefined:undefined:undefined":5,"s:38:2:38:Infinity":17,"s:38:15:38:Infinity":18,"s:39:2:39:Infinity":19,"f:43:22:43:54":5,"s:44:14:44:Infinity":20,"b:45:2:45:Infinity:undefined:undefined:undefined:undefined":6,"s:45:2:45:Infinity":21,"s:45:15:45:Infinity":22,"s:46:2:46:Infinity":23,"f:49:22:49:35":6,"s:50:14:54:Infinity":24,"b:55:2:55:Infinity:undefined:undefined:undefined:undefined":7,"s:55:2:55:Infinity":25,"s:55:15:55:Infinity":26,"f:59:22:59:33":7,"s:60:14:64:Infinity":27,"b:65:2:68:Infinity:undefined:undefined:undefined:undefined":8,"s:65:2:68:Infinity":28,"s:66:18:66:Infinity":29,"s:67:4:67:Infinity":30,"b:67:20:67:35:67:35:67:58":9,"s:69:2:69:Infinity":31,"f:72:22:72:31":8,"s:73:14:77:Infinity":32,"b:78:2:81:Infinity:undefined:undefined:undefined:undefined":10,"s:78:2:81:Infinity":33,"s:79:18:79:Infinity":34,"s:80:4:80:Infinity":35,"b:80:20:80:35:80:35:80:56":11,"s:82:2:82:Infinity":36,"f:85:22:85:34":9,"s:86:14:90:Infinity":37,"b:91:2:94:Infinity:undefined:undefined:undefined:undefined":12,"s:91:2:94:Infinity":38,"s:92:18:92:Infinity":39,"s:93:4:93:Infinity":40,"b:93:20:93:35:93:35:93:59":13,"s:95:2:95:Infinity":41}}}
}
